[9/10/2020, 09:05:56] [32mProxy Connect[0m -> Master successfully.
[9/10/2020, 09:06:03] [32mProxy Received Data[0m: New task: {"taskname":"task_1","sleepTime":28}
[9/10/2020, 09:06:31] [32mProxy Finished Task[0m: task_1 successfully.
[9/10/2020, 09:06:35] [32mProxy Received Data[0m: New task: {"taskname":"task_5","sleepTime":16}
[9/10/2020, 09:06:51] [32mProxy Finished Task[0m: task_5 successfully.
[9/10/2020, 09:06:59] [32mProxy Received Data[0m: New task: {"taskname":"task_3","sleepTime":29}
[9/10/2020, 09:07:02] [31mProxy Error[0m -> Master connection has losted.
[9/10/2020, 09:07:07] Reconnecting Master...
[9/10/2020, 09:07:12] Reconnecting Master...
[9/10/2020, 09:07:17] Reconnecting Master...
[9/10/2020, 09:07:17] [32mProxy Reconnect[0m -> Master.
[9/10/2020, 09:07:17] [32mProxy Connect[0m -> Master successfully.
[9/10/2020, 09:07:28] [32mProxy Finished Task[0m: task_3 successfully.
[9/10/2020, 09:07:55] [32mProxy Connect[0m -> Master successfully.
[9/10/2020, 09:07:59] [32mProxy Received Data[0m: New task: {"taskname":"task_11","sleepTime":25}
[9/10/2020, 09:08:24] [32mProxy Finished Task[0m: task_11 successfully.
[9/10/2020, 09:08:31] [32mProxy Received Data[0m: New task: {"taskname":"task_13","sleepTime":43}
[9/10/2020, 09:08:34] [31mProxy Error[0m -> Master connection has losted.
[9/10/2020, 09:08:39] Reconnecting Master...
[9/10/2020, 09:08:44] Reconnecting Master...
[9/10/2020, 09:08:50] Reconnecting Master...
[9/10/2020, 09:08:50] [32mProxy Reconnect[0m -> Master.
[9/10/2020, 09:08:50] [32mProxy Connect[0m -> Master successfully.
[9/10/2020, 09:09:14] [32mProxy Finished Task[0m: task_13 successfully.
[9/10/2020, 09:09:15] [32mProxy Received Data[0m: New task: {"taskname":"task_16","sleepTime":42}
[9/10/2020, 09:09:57] [32mProxy Finished Task[0m: task_16 successfully.
[9/10/2020, 09:10:03] [32mProxy Received Data[0m: New task: {"taskname":"task_18","sleepTime":58}
[9/10/2020, 09:11:01] [32mProxy Finished Task[0m: task_18 successfully.
[9/10/2020, 09:11:07] [32mProxy Received Data[0m: New task: {"taskname":"task_8","sleepTime":60}
[9/10/2020, 09:11:43] [31mProxy Error[0m -> Master connection has losted.
[9/10/2020, 09:11:48] Reconnecting Master...
[9/10/2020, 09:11:53] Reconnecting Master...
[9/10/2020, 09:11:58] Reconnecting Master...
[9/10/2020, 09:12:03] Reconnecting Master...
[9/10/2020, 09:12:07] [32mProxy Finished Task[0m: task_8 successfully.
[9/10/2020, 09:12:08] Reconnecting Master...
[9/10/2020, 09:12:13] Reconnecting Master...
[9/10/2020, 09:12:18] Reconnecting Master...
[9/10/2020, 09:12:23] Reconnecting Master...
[9/10/2020, 09:12:28] Reconnecting Master...
[9/10/2020, 09:12:33] Reconnecting Master...
[9/10/2020, 09:12:38] Reconnecting Master...
[9/10/2020, 09:12:38] [32mProxy Reconnect[0m -> Master.
[9/10/2020, 09:12:38] [32mProxy Connect[0m -> Master successfully.
[9/10/2020, 09:12:47] [32mProxy Received Data[0m: New task: {"taskname":"task_24","sleepTime":47}
[9/10/2020, 09:13:34] [32mProxy Finished Task[0m: task_24 successfully.
[9/10/2020, 09:13:35] [32mProxy Received Data[0m: New task: {"taskname":"task_25","sleepTime":13}
[9/10/2020, 09:13:48] [32mProxy Finished Task[0m: task_25 successfully.
[9/10/2020, 09:13:51] [32mProxy Received Data[0m: New task: {"taskname":"task_28","sleepTime":27}
[9/10/2020, 09:14:18] [32mProxy Finished Task[0m: task_28 successfully.
[9/10/2020, 09:14:23] [32mProxy Received Data[0m: New task: {"taskname":"task_31","sleepTime":23}
[9/10/2020, 09:14:46] [32mProxy Finished Task[0m: task_31 successfully.
[9/10/2020, 09:14:47] [32mProxy Received Data[0m: New task: {"taskname":"task_32","sleepTime":51}
[9/10/2020, 09:15:38] [32mProxy Finished Task[0m: task_32 successfully.
[9/10/2020, 09:15:43] [32mProxy Received Data[0m: New task: {"taskname":"task_34","sleepTime":10}
[9/10/2020, 09:15:53] [32mProxy Finished Task[0m: task_34 successfully.
[9/10/2020, 09:15:59] [32mProxy Received Data[0m: New task: {"taskname":"task_37","sleepTime":48}
[9/10/2020, 09:16:47] [32mProxy Finished Task[0m: task_37 successfully.
[9/10/2020, 09:17:36] [32mProxy Connect[0m -> Master successfully.
[9/10/2020, 09:17:43] [32mProxy Received Data[0m: New task: {"taskname":"task_41","sleepTime":29}
[9/10/2020, 09:17:52] [31mProxy Error[0m -> Master connection has losted.
[9/10/2020, 09:17:57] Reconnecting Master...
[9/10/2020, 09:18:02] Reconnecting Master...
[9/10/2020, 09:18:07] Reconnecting Master...
[9/10/2020, 09:18:12] [32mProxy Finished Task[0m: task_41 successfully.
[9/10/2020, 09:18:12] Reconnecting Master...
[9/10/2020, 09:18:17] Reconnecting Master...
[9/10/2020, 09:18:17] [32mProxy Reconnect[0m -> Master.
[9/10/2020, 09:18:17] [32mProxy Connect[0m -> Master successfully.
[9/10/2020, 09:18:27] [32mProxy Received Data[0m: New task: {"taskname":"task_39","sleepTime":28}
[9/10/2020, 09:18:55] [32mProxy Finished Task[0m: task_39 successfully.
[9/10/2020, 09:18:59] [32mProxy Received Data[0m: New task: {"taskname":"task_45","sleepTime":44}
[9/10/2020, 09:19:43] [32mProxy Finished Task[0m: task_45 successfully.
[9/10/2020, 09:19:47] [32mProxy Received Data[0m: New task: {"taskname":"task_48","sleepTime":43}
[9/10/2020, 09:20:30] [32mProxy Finished Task[0m: task_48 successfully.
[9/10/2020, 09:20:35] [32mProxy Received Data[0m: New task: {"taskname":"task_50","sleepTime":42}
[9/10/2020, 09:21:02] [32mProxy Connect[0m -> Master successfully.
[9/10/2020, 09:21:09] [32mProxy Received Data[0m: New task: {"taskname":"task_51","sleepTime":44}
[9/10/2020, 09:21:53] [32mProxy Finished Task[0m: task_51 successfully.
[9/10/2020, 09:21:57] [32mProxy Received Data[0m: New task: {"taskname":"task_53","sleepTime":25}
[9/10/2020, 09:22:22] [32mProxy Finished Task[0m: task_53 successfully.
[9/10/2020, 09:22:29] [32mProxy Received Data[0m: New task: {"taskname":"task_55","sleepTime":60}
[9/10/2020, 09:22:42] [31mProxy Error[0m -> Master connection has losted.
[9/10/2020, 09:22:46] Reconnecting Master...
[9/10/2020, 09:22:51] Reconnecting Master...
[9/10/2020, 09:22:51] [32mProxy Reconnect[0m -> Master.
[9/10/2020, 09:22:51] [32mProxy Connect[0m -> Master successfully.
[9/10/2020, 09:23:29] [32mProxy Finished Task[0m: task_55 successfully.
[9/10/2020, 09:23:34] [32mProxy Received Data[0m: New task: {"taskname":"task_59","sleepTime":43}
[9/10/2020, 09:24:17] [32mProxy Finished Task[0m: task_59 successfully.
[9/10/2020, 09:24:22] [32mProxy Received Data[0m: New task: {"taskname":"task_63","sleepTime":38}
[9/10/2020, 09:24:55] [32mProxy Connect[0m -> Master successfully.
[9/10/2020, 09:25:02] [32mProxy Received Data[0m: New task: {"taskname":"task_64","sleepTime":32}
[9/10/2020, 09:25:34] [32mProxy Finished Task[0m: task_64 successfully.
[9/10/2020, 09:25:42] [32mProxy Received Data[0m: New task: {"taskname":"task_63","sleepTime":38}
[9/10/2020, 09:26:20] [32mProxy Finished Task[0m: task_63 successfully.
[9/10/2020, 09:26:22] [32mProxy Received Data[0m: New task: {"taskname":"task_70","sleepTime":42}
[9/10/2020, 09:27:04] [32mProxy Finished Task[0m: task_70 successfully.
[9/10/2020, 09:27:10] [32mProxy Received Data[0m: New task: {"taskname":"task_74","sleepTime":45}
[9/10/2020, 09:27:43] [32mProxy Connect[0m -> Master successfully.
[9/10/2020, 09:27:50] [32mProxy Received Data[0m: New task: {"taskname":"task_76","sleepTime":44}
[9/10/2020, 09:28:24] [31mProxy Error[0m -> Master connection has losted.
[9/10/2020, 09:28:28] Reconnecting Master...
[9/10/2020, 09:28:33] Reconnecting Master...
[9/10/2020, 09:28:33] [32mProxy Reconnect[0m -> Master.
[9/10/2020, 09:28:33] [32mProxy Connect[0m -> Master successfully.
[9/10/2020, 09:28:34] [32mProxy Finished Task[0m: task_76 successfully.
[9/10/2020, 09:28:46] [32mProxy Received Data[0m: New task: {"taskname":"task_78","sleepTime":32}
[9/10/2020, 09:29:18] [32mProxy Finished Task[0m: task_78 successfully.
[9/10/2020, 09:29:26] [32mProxy Received Data[0m: New task: {"taskname":"task_79","sleepTime":26}
[9/10/2020, 09:29:52] [32mProxy Finished Task[0m: task_79 successfully.
[9/10/2020, 09:29:58] [32mProxy Received Data[0m: New task: {"taskname":"task_82","sleepTime":38}
[9/10/2020, 09:30:36] [32mProxy Finished Task[0m: task_82 successfully.
[9/10/2020, 09:30:38] [32mProxy Received Data[0m: New task: {"taskname":"task_85","sleepTime":41}
[9/10/2020, 09:31:19] [32mProxy Finished Task[0m: task_85 successfully.
[9/10/2020, 09:31:26] [32mProxy Received Data[0m: New task: {"taskname":"task_88","sleepTime":46}
[9/10/2020, 09:32:12] [32mProxy Finished Task[0m: task_88 successfully.
[9/10/2020, 09:32:14] [32mProxy Received Data[0m: New task: {"taskname":"task_90","sleepTime":47}
[9/10/2020, 09:33:01] [32mProxy Finished Task[0m: task_90 successfully.
[9/10/2020, 09:33:02] [32mProxy Received Data[0m: New task: {"taskname":"task_95","sleepTime":53}
[9/10/2020, 09:33:55] [32mProxy Finished Task[0m: task_95 successfully.
[9/10/2020, 09:33:58] [32mProxy Received Data[0m: New task: {"taskname":"task_98","sleepTime":34}
[9/10/2020, 09:34:32] [32mProxy Finished Task[0m: task_98 successfully.
[9/10/2020, 09:34:53] [31mProxy Error[0m -> Master connection has losted.
[9/10/2020, 09:35:20] [32mProxy Connect[0m -> Master successfully.
